The code Start time:  2022-03-19 11:17:39
er_FEM:  [5.00327609e-01 5.27969297e-01 9.86176899e-02 3.67033924e-02
 8.48073857e-03 2.13342669e-03 5.36728944e-04 1.34417135e-04
 3.36192198e-05]
er_Lms1:  [5.00000000e-01 5.00405422e-01 1.27361825e-01 4.51467119e-02
 1.20456399e-02 3.00286533e-03 7.55647447e-04 1.89340912e-04
 4.73622706e-05]
er_Lms2:  [5.00000000e-01 5.00405422e-01 1.27361825e-01 4.51467119e-02
 1.20456399e-02 3.00286533e-03 7.55647447e-04 1.89340912e-04
 4.73622706e-05]
er_Oms1:  [4.99999327e-01 5.00615907e-01 1.23691212e-01 8.19419038e-02
 2.22264947e-02 5.44193475e-03 1.37019968e-03 3.43748180e-04
 8.63210926e-05]
er_Oms2:  [4.99999327e-01 5.00615907e-01 1.23691212e-01 8.19419038e-02
 2.22264947e-02 5.44193475e-03 1.37019968e-03 3.43748180e-04
 8.63210926e-05]
ords_FEM:  [-0.07758097  2.42053567  1.42593305  2.1136516   1.99101738  1.99090694
  1.99747663  1.99935891]
ords_Lms1:  [-1.16932526e-03  1.97416450e+00  1.49624010e+00  1.90610988e+00
  2.00409936e+00  1.99055458e+00  1.99672712e+00  1.99917602e+00]
ords_Lms2:  [-1.17016017e-03  1.97417652e+00  1.49626435e+00  1.90604080e+00
  2.00360191e+00  1.99128284e+00  1.99912257e+00  1.99969194e+00]
ords_Oms1:  [-1.77716739e-03  2.01694387e+00  5.94091434e-01  1.88236692e+00
  2.03041843e+00  1.98986822e+00  1.99559638e+00  1.99889106e+00]
ords_Oms2:  [-1.77797909e-03  2.01696113e+00  5.94069690e-01  1.88232097e+00
  2.03008888e+00  1.98973350e+00  1.99496218e+00  1.99356704e+00]

